#
# There is insufficient memory for the Java Runtime Environment to continue.
# Native memory allocation (malloc) failed to allocate 964976 bytes for Chunk::new
# Possible reasons:
#   The system is out of physical RAM or swap space
#   The process is running with CompressedOops enabled, and the Java Heap may be blocking the growth of the native heap
# Possible solutions:
#   Reduce memory load on the system
#   Increase physical memory or swap space
#   Check if swap backing store is full
#   Decrease Java heap size (-Xmx/-Xms)
#   Decrease number of Java threads
#   Decrease Java thread stack sizes (-Xss)
#   Set larger code cache with -XX:ReservedCodeCacheSize=
#   JVM is running with Zero Based Compressed Oops mode in which the Java heap is
#     placed in the first 32GB address space. The Java Heap base address is the
#     maximum limit for the native heap growth. Please use -XX:HeapBaseMinAddress
#     to set the Java Heap base and to place the Java Heap above 32GB virtual address.
# This output file may be truncated or incomplete.
#
#  Out of Memory Error (allocation.cpp:389), pid=27256, tid=0x0000000000006bf8
#
# JRE version: Java(TM) SE Runtime Environment (8.0_311-b11) (build 1.8.0_311-b11)
# Java VM: Java HotSpot(TM) 64-Bit Server VM (25.311-b11 mixed mode windows-amd64 compressed oops)
# Failed to write core dump. Minidumps are not enabled by default on client versions of Windows
#

---------------  T H R E A D  ---------------

Current thread (0x000002e5afea7000):  JavaThread "C2 CompilerThread0" daemon [_thread_in_native, id=27640, stack(0x000000eb40500000,0x000000eb40600000)]

Stack: [0x000000eb40500000,0x000000eb40600000]
Native frames: (J=compiled Java code, j=interpreted, Vv=VM code, C=native code)
V  [jvm.dll+0x32f239]
V  [jvm.dll+0x275882]
V  [jvm.dll+0x27652d]
V  [jvm.dll+0x26cf65]
V  [jvm.dll+0xd558c]
V  [jvm.dll+0xd5d8c]
V  [jvm.dll+0x470b13]
V  [jvm.dll+0x438210]
V  [jvm.dll+0x441215]
V  [jvm.dll+0x4405d5]
V  [jvm.dll+0x42b38b]
V  [jvm.dll+0xac22b]
V  [jvm.dll+0xaa88b]
V  [jvm.dll+0x23df22]
V  [jvm.dll+0x29253c]
C  [ucrtbase.dll+0x21bb2]
C  [KERNEL32.DLL+0x17034]
C  [ntdll.dll+0x52651]


Current CompileTask:
C2: 104985 4238       4       backtype.storm.daemon.task$mk_tasks_fn$fn__3148::invoke (913 bytes)


---------------  P R O C E S S  ---------------

Java Threads: ( => current thread )
  0x000002e5b4d87000 JavaThread "DestroyJavaVM" [_thread_blocked, id=26328, stack(0x000000eb3fa00000,0x000000eb3fb00000)]
  0x000002e5b4d85800 JavaThread "Thread-50" [_thread_blocked, id=8328, stack(0x000000eb46100000,0x000000eb46200000)]
  0x000002e5b4d84000 JavaThread "Thread-49" daemon [_thread_blocked, id=18252, stack(0x000000eb46000000,0x000000eb46100000)]
  0x000002e5b4d7c000 JavaThread "Thread-48-__acker" [_thread_blocked, id=19236, stack(0x000000eb45f00000,0x000000eb46000000)]
  0x000002e5b4d83000 JavaThread "Thread-47" [_thread_blocked, id=23064, stack(0x000000eb45e00000,0x000000eb45f00000)]
  0x000002e5b4d82800 JavaThread "Thread-46-__system" [_thread_blocked, id=22716, stack(0x000000eb45d00000,0x000000eb45e00000)]
  0x000002e5b4d81800 JavaThread "Thread-45" [_thread_blocked, id=17964, stack(0x000000eb45c00000,0x000000eb45d00000)]
  0x000002e5b4d81000 JavaThread "Thread-44-split-bolt" [_thread_blocked, id=10936, stack(0x000000eb45b00000,0x000000eb45c00000)]
  0x000002e5b4d79000 JavaThread "Thread-43" [_thread_blocked, id=22776, stack(0x000000eb45a00000,0x000000eb45b00000)]
  0x000002e5b4d7a000 JavaThread "Thread-42-count-bolt" [_thread_blocked, id=980, stack(0x000000eb45900000,0x000000eb45a00000)]
  0x000002e5b4d7d000 JavaThread "Thread-41" [_thread_blocked, id=9316, stack(0x000000eb45800000,0x000000eb45900000)]
  0x000002e5b4d80000 JavaThread "Thread-40" daemon [_thread_blocked, id=21140, stack(0x000000eb45700000,0x000000eb45800000)]
  0x000002e5b4d7f000 JavaThread "Thread-39" daemon [_thread_blocked, id=22656, stack(0x000000eb45600000,0x000000eb45700000)]
  0x000002e5b4d78800 JavaThread "Thread-38" daemon [_thread_blocked, id=19480, stack(0x000000eb45500000,0x000000eb45600000)]
  0x000002e5b4d7e800 JavaThread "Thread-37" daemon [_thread_blocked, id=19384, stack(0x000000eb45400000,0x000000eb45500000)]
  0x000002e5b4d7a800 JavaThread "Thread-36" daemon [_thread_blocked, id=13072, stack(0x000000eb45300000,0x000000eb45400000)]
  0x000002e5b4d7d800 JavaThread "CuratorFramework-15" [_thread_blocked, id=23836, stack(0x000000eb45200000,0x000000eb45300000)]
  0x000002e5b60c6800 JavaThread "ConnectionStateManager-0" [_thread_blocked, id=23172, stack(0x000000eb45100000,0x000000eb45200000)]
  0x000002e5b5368000 JavaThread "Thread-6-EventThread" daemon [_thread_blocked, id=23788, stack(0x000000eb45000000,0x000000eb45100000)]
  0x000002e5b4a92800 JavaThread "Thread-6-SendThread(localhost:2012)" daemon [_thread_in_native, id=17296, stack(0x000000eb44f00000,0x000000eb45000000)]
  0x000002e5b60c7000 JavaThread "Thread-35" [_thread_blocked, id=17784, stack(0x000000eb44d00000,0x000000eb44e00000)]
  0x000002e5b60c8800 JavaThread "Thread-34" daemon [_thread_blocked, id=4596, stack(0x000000eb44c00000,0x000000eb44d00000)]
  0x000002e5b60c8000 JavaThread "Thread-33-__system" [_thread_blocked, id=14272, stack(0x000000eb44b00000,0x000000eb44c00000)]
  0x000002e5b60c5000 JavaThread "Thread-32" [_thread_blocked, id=22580, stack(0x000000eb44a00000,0x000000eb44b00000)]
  0x000002e5b60bd800 JavaThread "Thread-31" [_thread_blocked, id=23164, stack(0x000000eb44900000,0x000000eb44a00000)]
  0x000002e5b60c4000 JavaThread "Thread-30" daemon [_thread_blocked, id=20552, stack(0x000000eb44800000,0x000000eb44900000)]
  0x000002e5b60c3800 JavaThread "Thread-29-__system" [_thread_blocked, id=10648, stack(0x000000eb44700000,0x000000eb44800000)]
  0x000002e5b60bc000 JavaThread "Thread-28" [_thread_blocked, id=8120, stack(0x000000eb44600000,0x000000eb44700000)]
  0x000002e5b60c2800 JavaThread "Thread-27-sentence-spout" [_thread_blocked, id=13800, stack(0x000000eb44500000,0x000000eb44600000)]
  0x000002e5b60be000 JavaThread "Thread-26" [_thread_blocked, id=5504, stack(0x000000eb44400000,0x000000eb44500000)]
  0x000002e5b60c2000 JavaThread "Thread-25-report-bolt" [_thread_blocked, id=11840, stack(0x000000eb44300000,0x000000eb44400000)]
  0x000002e5b60c1000 JavaThread "Thread-24" [_thread_blocked, id=24548, stack(0x000000eb44200000,0x000000eb44300000)]
  0x000002e5b60bc800 JavaThread "Thread-23-__acker" [_thread_blocked, id=7112, stack(0x000000eb44100000,0x000000eb44200000)]
  0x000002e5b60b9800 JavaThread "Thread-22-__acker" [_thread_blocked, id=23280, stack(0x000000eb44000000,0x000000eb44100000)]
  0x000002e5b60bf800 JavaThread "Thread-21" [_thread_blocked, id=25948, stack(0x000000eb43000000,0x000000eb43100000)]
  0x000002e5b60ba800 JavaThread "Thread-20" [_thread_blocked, id=21876, stack(0x000000eb41200000,0x000000eb41300000)]
  0x000002e5b60bf000 JavaThread "Thread-18" daemon [_thread_blocked, id=21288, stack(0x000000eb43f00000,0x000000eb44000000)]
  0x000002e5b60bb000 JavaThread "Thread-19" daemon [_thread_blocked, id=24072, stack(0x000000eb43e00000,0x000000eb43f00000)]
  0x000002e5b60c0800 JavaThread "Thread-17" daemon [_thread_blocked, id=25628, stack(0x000000eb43d00000,0x000000eb43e00000)]
  0x000002e5b4a8a800 JavaThread "Thread-16" daemon [_thread_blocked, id=14060, stack(0x000000eb43c00000,0x000000eb43d00000)]
  0x000002e5b536b000 JavaThread "Thread-14" daemon [_thread_blocked, id=10760, stack(0x000000eb43b00000,0x000000eb43c00000)]
  0x000002e5b5371000 JavaThread "Thread-15" daemon [_thread_blocked, id=15312, stack(0x000000eb43a00000,0x000000eb43b00000)]
  0x000002e5b4a91000 JavaThread "Thread-13" daemon [_thread_blocked, id=11936, stack(0x000000eb43900000,0x000000eb43a00000)]
  0x000002e5b4a8f000 JavaThread "Thread-12" daemon [_thread_blocked, id=8988, stack(0x000000eb43800000,0x000000eb43900000)]
  0x000002e5b4fe5000 JavaThread "Thread-10" daemon [_thread_blocked, id=27400, stack(0x000000eb43700000,0x000000eb43800000)]
  0x000002e5b4fe4800 JavaThread "Thread-11" daemon [_thread_blocked, id=21072, stack(0x000000eb43600000,0x000000eb43700000)]
  0x000002e5b4fe9800 JavaThread "CuratorFramework-13" [_thread_blocked, id=23388, stack(0x000000eb43500000,0x000000eb43600000)]
  0x000002e5b4fe6000 JavaThread "ConnectionStateManager-0" [_thread_blocked, id=9584, stack(0x000000eb43300000,0x000000eb43400000)]
  0x000002e5b4fea800 JavaThread "Thread-9-EventThread" daemon [_thread_blocked, id=2804, stack(0x000000eb43200000,0x000000eb43300000)]
  0x000002e5b4feb000 JavaThread "Thread-9-SendThread(localhost:2012)" daemon [_thread_in_native, id=1724, stack(0x000000eb43100000,0x000000eb43200000)]
  0x000002e5b4fe8000 JavaThread "CuratorFramework-12" [_thread_blocked, id=21796, stack(0x000000eb43400000,0x000000eb43500000)]
  0x000002e5b4fe7800 JavaThread "ConnectionStateManager-0" [_thread_blocked, id=22544, stack(0x000000eb42900000,0x000000eb42a00000)]
  0x000002e5b4fe6800 JavaThread "Thread-6-EventThread" daemon [_thread_blocked, id=26052, stack(0x000000eb42100000,0x000000eb42200000)]
  0x000002e5b4fe9000 JavaThread "Thread-6-SendThread(localhost:2012)" daemon [_thread_in_native, id=23236, stack(0x000000eb41c00000,0x000000eb41d00000)]
  0x000002e5b4a8f800 JavaThread "Thread-9" [_thread_blocked, id=13204, stack(0x000000eb42f00000,0x000000eb43000000)]
  0x000002e5b4a90800 JavaThread "Thread-8" [_thread_blocked, id=20624, stack(0x000000eb42e00000,0x000000eb42f00000)]
  0x000002e5b4a8c800 JavaThread "CuratorFramework-9" [_thread_blocked, id=19596, stack(0x000000eb42d00000,0x000000eb42e00000)]
  0x000002e5b4a8c000 JavaThread "ConnectionStateManager-0" [_thread_blocked, id=11612, stack(0x000000eb42c00000,0x000000eb42d00000)]
  0x000002e5b4a92000 JavaThread "main-EventThread" daemon [_thread_blocked, id=18372, stack(0x000000eb42b00000,0x000000eb42c00000)]
  0x000002e5b4a8d800 JavaThread "main-SendThread(localhost:2012)" daemon [_thread_in_native, id=5556, stack(0x000000eb42a00000,0x000000eb42b00000)]
  0x000002e5b4a84800 JavaThread "Thread-7" daemon [_thread_blocked, id=25808, stack(0x000000eb42800000,0x000000eb42900000)]
  0x000002e5b4a8a000 JavaThread "Thread-6" [_thread_blocked, id=21464, stack(0x000000eb42700000,0x000000eb42800000)]
  0x000002e5b5372800 JavaThread "Thread-5" [_thread_blocked, id=26568, stack(0x000000eb42600000,0x000000eb42700000)]
  0x000002e5b536e000 JavaThread "CuratorFramework-7" [_thread_blocked, id=16368, stack(0x000000eb42500000,0x000000eb42600000)]
  0x000002e5b536c800 JavaThread "ConnectionStateManager-0" [_thread_blocked, id=5368, stack(0x000000eb42400000,0x000000eb42500000)]
  0x000002e5b5372000 JavaThread "main-EventThread" daemon [_thread_blocked, id=8312, stack(0x000000eb42300000,0x000000eb42400000)]
  0x000002e5b536f800 JavaThread "main-SendThread(localhost:2012)" daemon [_thread_in_native, id=19696, stack(0x000000eb42200000,0x000000eb42300000)]
  0x000002e5b536c000 JavaThread "Thread-4" daemon [_thread_blocked, id=3412, stack(0x000000eb41100000,0x000000eb41200000)]
  0x000002e5b536f000 JavaThread "CuratorFramework-5" [_thread_blocked, id=23804, stack(0x000000eb42000000,0x000000eb42100000)]
  0x000002e5b5370800 JavaThread "ConnectionStateManager-0" [_thread_blocked, id=11588, stack(0x000000eb41f00000,0x000000eb42000000)]
  0x000002e5b536d800 JavaThread "main-EventThread" daemon [_thread_blocked, id=13040, stack(0x000000eb41e00000,0x000000eb41f00000)]
  0x000002e5b5364800 JavaThread "main-SendThread(localhost:2012)" daemon [_thread_in_native, id=13128, stack(0x000000eb41d00000,0x000000eb41e00000)]
  0x000002e5b5363800 JavaThread "CuratorFramework-3" [_thread_blocked, id=2208, stack(0x000000eb41b00000,0x000000eb41c00000)]
  0x000002e5b536a800 JavaThread "ConnectionStateManager-0" [_thread_blocked, id=6148, stack(0x000000eb41a00000,0x000000eb41b00000)]
  0x000002e5b5369000 JavaThread "main-EventThread" daemon [_thread_blocked, id=8180, stack(0x000000eb41900000,0x000000eb41a00000)]
  0x000002e5b5366800 JavaThread "main-SendThread(localhost:2012)" daemon [_thread_in_native, id=15984, stack(0x000000eb41400000,0x000000eb41500000)]
  0x000002e5b5366000 JavaThread "CuratorFramework-1" [_thread_blocked, id=15372, stack(0x000000eb41800000,0x000000eb41900000)]
  0x000002e5b5365000 JavaThread "ConnectionStateManager-0" [_thread_blocked, id=22460, stack(0x000000eb41700000,0x000000eb41800000)]
  0x000002e5b5369800 JavaThread "main-EventThread" daemon [_thread_blocked, id=17940, stack(0x000000eb41600000,0x000000eb41700000)]
  0x000002e5b5367800 JavaThread "main-SendThread(localhost:2012)" daemon [_thread_in_native, id=25068, stack(0x000000eb41300000,0x000000eb41400000)]
  0x000002e5b4a88800 JavaThread "Thread-3" daemon [_thread_blocked, id=14108, stack(0x000000eb41000000,0x000000eb41100000)]
  0x000002e5b4a87800 JavaThread "Thread-2" daemon [_thread_blocked, id=25856, stack(0x000000eb40f00000,0x000000eb41000000)]
  0x000002e5b4a87000 JavaThread "Thread-1" daemon [_thread_blocked, id=9868, stack(0x000000eb40e00000,0x000000eb40f00000)]
  0x000002e5b4a84000 JavaThread "ProcessThread:-1" [_thread_blocked, id=23548, stack(0x000000eb40d00000,0x000000eb40e00000)]
  0x000002e5b4a86000 JavaThread "SyncThread:0" [_thread_blocked, id=24100, stack(0x000000eb40c00000,0x000000eb40d00000)]
  0x000002e5b4a89000 JavaThread "SessionTracker" [_thread_blocked, id=6428, stack(0x000000eb40b00000,0x000000eb40c00000)]
  0x000002e5b4a85800 JavaThread "NIOServerCxn.Factory:0.0.0.0/0.0.0.0:2012" daemon [_thread_in_native, id=26416, stack(0x000000eb40a00000,0x000000eb40b00000)]
  0x000002e5aff3e800 JavaThread "Service Thread" daemon [_thread_blocked, id=14860, stack(0x000000eb40800000,0x000000eb40900000)]
  0x000002e5aff03000 JavaThread "C1 CompilerThread2" daemon [_thread_blocked, id=19328, stack(0x000000eb40700000,0x000000eb40800000)]
  0x000002e5afeeb800 JavaThread "C2 CompilerThread1" daemon [_thread_in_native, id=18004, stack(0x000000eb40600000,0x000000eb40700000)]
=>0x000002e5afea7000 JavaThread "C2 CompilerThread0" daemon [_thread_in_native, id=27640, stack(0x000000eb40500000,0x000000eb40600000)]
  0x000002e5afea4800 JavaThread "Attach Listener" daemon [_thread_blocked, id=20336, stack(0x000000eb40400000,0x000000eb40500000)]
  0x000002e5afe41000 JavaThread "Signal Dispatcher" daemon [_thread_blocked, id=3472, stack(0x000000eb40300000,0x000000eb40400000)]
  0x000002e5afe2c000 JavaThread "Finalizer" daemon [_thread_blocked, id=18500, stack(0x000000eb40100000,0x000000eb40200000)]
  0x000002e5af6e9800 JavaThread "Reference Handler" daemon [_thread_blocked, id=10308, stack(0x000000eb40000000,0x000000eb40100000)]

Other Threads:
  0x000002e5afe02800 VMThread [stack: 0x000000eb3ff00000,0x000000eb40000000] [id=2660]
  0x000002e5aff55000 WatcherThread [stack: 0x000000eb40900000,0x000000eb40a00000] [id=21240]

VM state:not at safepoint (normal execution)

VM Mutex/Monitor currently owned by a thread: None

heap address: 0x00000006c1e00000, size: 4066 MB, Compressed Oops mode: Zero based, Oop shift amount: 3
Narrow klass base: 0x0000000000000000, Narrow klass shift: 3
Compressed class space size: 1073741824 Address: 0x00000007c0000000

Heap:
 PSYoungGen      total 238080K, used 52940K [0x000000076b500000, 0x000000077ef80000, 0x00000007c0000000)
  eden space 225280K, 21% used [0x000000076b500000,0x000000076e4e3240,0x0000000779100000)
  from space 12800K, 30% used [0x0000000779100000,0x00000007794d0000,0x0000000779d80000)
  to   space 12288K, 0% used [0x000000077e380000,0x000000077e380000,0x000000077ef80000)
 ParOldGen       total 111104K, used 11513K [0x00000006c1e00000, 0x00000006c8a80000, 0x000000076b500000)
  object space 111104K, 10% used [0x00000006c1e00000,0x00000006c293e730,0x00000006c8a80000)
 Metaspace       used 30896K, capacity 31458K, committed 31488K, reserved 1075200K
  class space    used 5489K, capacity 5625K, committed 5632K, reserved 1048576K

Card table byte_map: [0x000002e5a5990000,0x000002e5a6190000] byte_map_base: 0x000002e5a2381000

Marking Bits: (ParMarkBitMap*) 0x000000005e5b8030
 Begin Bits: [0x000002e5a66e0000, 0x000002e5aa668000)
 End Bits:   [0x000002e5aa668000, 0x000002e5ae5f0000)

Polling page: 0x000002e594d50000

CodeCache: size=245760Kb used=13410Kb max_used=13531Kb free=232349Kb
 bounds [0x000002e5965d0000, 0x000002e597320000, 0x000002e5a55d0000]
 total_blobs=4009 nmethods=3564 adapters=357
 compilation: enabled

Compilation events (10 events):
Event: 104.510 Thread 0x000002e5afea7000 nmethod 4234 0x000002e59695a2d0 code [0x000002e59695a440, 0x000002e59695a638]
Event: 104.510 Thread 0x000002e5afea7000 4236  s    4       org.apache.zookeeper.ClientCnxn$SendThread::disableWrite (27 bytes)
Event: 104.515 Thread 0x000002e5afea7000 nmethod 4236 0x000002e596f3f590 code [0x000002e596f3f700, 0x000002e596f3fdb8]
Event: 104.515 Thread 0x000002e5afea7000 4235       4       clojure.core$merge$fn__4155::invoke (43 bytes)
Event: 104.516 Thread 0x000002e5afea7000 nmethod 4235 0x000002e596e11a10 code [0x000002e596e11b60, 0x000002e596e11cd8]
Event: 104.530 Thread 0x000002e5afea7000 4237       4       backtype.storm.daemon.executor$mk_task_receiver$fn__3421::invoke (469 bytes)
Event: 104.550 Thread 0x000002e5afea7000 nmethod 4237 0x000002e597103590 code [0x000002e597103900, 0x000002e597104d08]
Event: 104.565 Thread 0x000002e5afeeb800 nmethod 4221 0x000002e59688b890 code [0x000002e59688be40, 0x000002e59688ed90]
Event: 104.835 Thread 0x000002e5afea7000 4238       4       backtype.storm.daemon.task$mk_tasks_fn$fn__3148::invoke (913 bytes)
Event: 104.935 Thread 0x000002e5afeeb800 4239       4       backtype.storm.daemon.executor$fn__3498$tuple_action_fn__3500::invoke (683 bytes)

GC Heap History (10 events):
Event: 4.504 GC heap before
{Heap before GC invocations=6 (full 1):
 PSYoungGen      total 98304K, used 93024K [0x000000076b500000, 0x0000000772200000, 0x00000007c0000000)
  eden space 90112K, 100% used [0x000000076b500000,0x0000000770d00000,0x0000000770d00000)
  from space 8192K, 35% used [0x0000000771a00000,0x0000000771cd8010,0x0000000772200000)
  to   space 10752K, 0% used [0x0000000770d00000,0x0000000770d00000,0x0000000771780000)
 ParOldGen       total 111104K, used 9092K [0x00000006c1e00000, 0x00000006c8a80000, 0x000000076b500000)
  object space 111104K, 8% used [0x00000006c1e00000,0x00000006c26e1198,0x00000006c8a80000)
 Metaspace       used 28227K, capacity 28652K, committed 28928K, reserved 1073152K
  class space    used 5142K, capacity 5254K, committed 5376K, reserved 1048576K
Event: 4.507 GC heap after
Heap after GC invocations=6 (full 1):
 PSYoungGen      total 100864K, used 2496K [0x000000076b500000, 0x0000000775a80000, 0x00000007c0000000)
  eden space 90112K, 0% used [0x000000076b500000,0x000000076b500000,0x0000000770d00000)
  from space 10752K, 23% used [0x0000000770d00000,0x0000000770f70010,0x0000000771780000)
  to   space 14848K, 0% used [0x0000000774c00000,0x0000000774c00000,0x0000000775a80000)
 ParOldGen       total 111104K, used 9092K [0x00000006c1e00000, 0x00000006c8a80000, 0x000000076b500000)
  object space 111104K, 8% used [0x00000006c1e00000,0x00000006c26e1198,0x00000006c8a80000)
 Metaspace       used 28227K, capacity 28652K, committed 28928K, reserved 1073152K
  class space    used 5142K, capacity 5254K, committed 5376K, reserved 1048576K
}
Event: 4.545 GC heap before
{Heap before GC invocations=7 (full 1):
 PSYoungGen      total 100864K, used 92608K [0x000000076b500000, 0x0000000775a80000, 0x00000007c0000000)
  eden space 90112K, 100% used [0x000000076b500000,0x0000000770d00000,0x0000000770d00000)
  from space 10752K, 23% used [0x0000000770d00000,0x0000000770f70010,0x0000000771780000)
  to   space 14848K, 0% used [0x0000000774c00000,0x0000000774c00000,0x0000000775a80000)
 ParOldGen       total 111104K, used 9092K [0x00000006c1e00000, 0x00000006c8a80000, 0x000000076b500000)
  object space 111104K, 8% used [0x00000006c1e00000,0x00000006c26e1198,0x00000006c8a80000)
 Metaspace       used 28239K, capacity 28664K, committed 28928K, reserved 1073152K
  class space    used 5143K, capacity 5256K, committed 5376K, reserved 1048576K
Event: 4.548 GC heap after
Heap after GC invocations=7 (full 1):
 PSYoungGen      total 155136K, used 2528K [0x000000076b500000, 0x0000000776500000, 0x00000007c0000000)
  eden space 140288K, 0% used [0x000000076b500000,0x000000076b500000,0x0000000773e00000)
  from space 14848K, 17% used [0x0000000774c00000,0x0000000774e78010,0x0000000775a80000)
  to   space 14336K, 0% used [0x0000000773e00000,0x0000000773e00000,0x0000000774c00000)
 ParOldGen       total 111104K, used 9092K [0x00000006c1e00000, 0x00000006c8a80000, 0x000000076b500000)
  object space 111104K, 8% used [0x00000006c1e00000,0x00000006c26e1198,0x00000006c8a80000)
 Metaspace       used 28239K, capacity 28664K, committed 28928K, reserved 1073152K
  class space    used 5143K, capacity 5256K, committed 5376K, reserved 1048576K
}
Event: 5.671 GC heap before
{Heap before GC invocations=8 (full 1):
 PSYoungGen      total 155136K, used 142816K [0x000000076b500000, 0x0000000776500000, 0x00000007c0000000)
  eden space 140288K, 100% used [0x000000076b500000,0x0000000773e00000,0x0000000773e00000)
  from space 14848K, 17% used [0x0000000774c00000,0x0000000774e78010,0x0000000775a80000)
  to   space 14336K, 0% used [0x0000000773e00000,0x0000000773e00000,0x0000000774c00000)
 ParOldGen       total 111104K, used 9092K [0x00000006c1e00000, 0x00000006c8a80000, 0x000000076b500000)
  object space 111104K, 8% used [0x00000006c1e00000,0x00000006c26e1198,0x00000006c8a80000)
 Metaspace       used 29997K, capacity 30464K, committed 30720K, reserved 1075200K
  class space    used 5462K, capacity 5572K, committed 5632K, reserved 1048576K
Event: 5.697 GC heap after
Heap after GC invocations=8 (full 1):
 PSYoungGen      total 154624K, used 5204K [0x000000076b500000, 0x000000077b400000, 0x00000007c0000000)
  eden space 140288K, 0% used [0x000000076b500000,0x000000076b500000,0x0000000773e00000)
  from space 14336K, 36% used [0x0000000773e00000,0x0000000774315270,0x0000000774c00000)
  to   space 13312K, 0% used [0x000000077a700000,0x000000077a700000,0x000000077b400000)
 ParOldGen       total 111104K, used 9100K [0x00000006c1e00000, 0x00000006c8a80000, 0x000000076b500000)
  object space 111104K, 8% used [0x00000006c1e00000,0x00000006c26e3198,0x00000006c8a80000)
 Metaspace       used 29997K, capacity 30464K, committed 30720K, reserved 1075200K
  class space    used 5462K, capacity 5572K, committed 5632K, reserved 1048576K
}
Event: 45.060 GC heap before
{Heap before GC invocations=9 (full 1):
 PSYoungGen      total 154624K, used 145492K [0x000000076b500000, 0x000000077b400000, 0x00000007c0000000)
  eden space 140288K, 100% used [0x000000076b500000,0x0000000773e00000,0x0000000773e00000)
  from space 14336K, 36% used [0x0000000773e00000,0x0000000774315270,0x0000000774c00000)
  to   space 13312K, 0% used [0x000000077a700000,0x000000077a700000,0x000000077b400000)
 ParOldGen       total 111104K, used 9100K [0x00000006c1e00000, 0x00000006c8a80000, 0x000000076b500000)
  object space 111104K, 8% used [0x00000006c1e00000,0x00000006c26e3198,0x00000006c8a80000)
 Metaspace       used 30678K, capacity 31184K, committed 31232K, reserved 1075200K
  class space    used 5486K, capacity 5622K, committed 5632K, reserved 1048576K
Event: 45.069 GC heap after
Heap after GC invocations=9 (full 1):
 PSYoungGen      total 228352K, used 2848K [0x000000076b500000, 0x000000077aa00000, 0x00000007c0000000)
  eden space 225280K, 0% used [0x000000076b500000,0x000000076b500000,0x0000000779100000)
  from space 3072K, 92% used [0x000000077a700000,0x000000077a9c8000,0x000000077aa00000)
  to   space 12800K, 0% used [0x0000000779100000,0x0000000779100000,0x0000000779d80000)
 ParOldGen       total 111104K, used 11497K [0x00000006c1e00000, 0x00000006c8a80000, 0x000000076b500000)
  object space 111104K, 10% used [0x00000006c1e00000,0x00000006c293a730,0x00000006c8a80000)
 Metaspace       used 30678K, capacity 31184K, committed 31232K, reserved 1075200K
  class space    used 5486K, capacity 5622K, committed 5632K, reserved 1048576K
}
Event: 96.454 GC heap before
{Heap before GC invocations=10 (full 1):
 PSYoungGen      total 228352K, used 228128K [0x000000076b500000, 0x000000077aa00000, 0x00000007c0000000)
  eden space 225280K, 100% used [0x000000076b500000,0x0000000779100000,0x0000000779100000)
  from space 3072K, 92% used [0x000000077a700000,0x000000077a9c8000,0x000000077aa00000)
  to   space 12800K, 0% used [0x0000000779100000,0x0000000779100000,0x0000000779d80000)
 ParOldGen       total 111104K, used 11497K [0x00000006c1e00000, 0x00000006c8a80000, 0x000000076b500000)
  object space 111104K, 10% used [0x00000006c1e00000,0x00000006c293a730,0x00000006c8a80000)
 Metaspace       used 30883K, capacity 31394K, committed 31488K, reserved 1075200K
  class space    used 5489K, capacity 5625K, committed 5632K, reserved 1048576K
Event: 96.459 GC heap after
Heap after GC invocations=10 (full 1):
 PSYoungGen      total 238080K, used 3904K [0x000000076b500000, 0x000000077ef80000, 0x00000007c0000000)
  eden space 225280K, 0% used [0x000000076b500000,0x000000076b500000,0x0000000779100000)
  from space 12800K, 30% used [0x0000000779100000,0x00000007794d0000,0x0000000779d80000)
  to   space 12288K, 0% used [0x000000077e380000,0x000000077e380000,0x000000077ef80000)
 ParOldGen       total 111104K, used 11513K [0x00000006c1e00000, 0x00000006c8a80000, 0x000000076b500000)
  object space 111104K, 10% used [0x00000006c1e00000,0x00000006c293e730,0x00000006c8a80000)
 Metaspace       used 30883K, capacity 31394K, committed 31488K, reserved 1075200K
  class space    used 5489K, capacity 5625K, committed 5632K, reserved 1048576K
}

Deoptimization events (10 events):
Event: 34.857 Thread 0x000002e5b60c2800 Uncommon trap: reason=bimorphic action=maybe_recompile pc=0x000002e5970262e4 method=backtype.storm.util$get_iterator.invoke(Ljava/lang/Object;)Ljava/lang/Object; @ 17
Event: 64.846 Thread 0x000002e5b60bc800 Uncommon trap: reason=bimorphic action=maybe_recompile pc=0x000002e5970262e4 method=backtype.storm.util$get_iterator.invoke(Ljava/lang/Object;)Ljava/lang/Object; @ 17
Event: 64.846 Thread 0x000002e5b60bc800 Uncommon trap: reason=bimorphic action=maybe_recompile pc=0x000002e5970262e4 method=backtype.storm.util$get_iterator.invoke(Ljava/lang/Object;)Ljava/lang/Object; @ 17
Event: 64.846 Thread 0x000002e5b60bc800 Uncommon trap: reason=unstable_if action=reinterpret pc=0x000002e597273b54 method=backtype.storm.daemon.executor$fn__3498$tuple_action_fn__3500.invoke(Ljava/lang/Object;Ljava/lang/Object;)Ljava/lang/Object; @ 49
Event: 64.848 Thread 0x000002e5b60bc800 Uncommon trap: reason=unstable_if action=reinterpret pc=0x000002e597242784 method=backtype.storm.util$map_iter.invoke(Ljava/lang/Object;)Ljava/lang/Object; @ 2
Event: 64.879 Thread 0x000002e5b60b9800 Uncommon trap: reason=unstable_if action=reinterpret pc=0x000002e5970f6574 method=backtype.storm.util$map_iter.invoke(Ljava/lang/Object;)Ljava/lang/Object; @ 2
Event: 64.887 Thread 0x000002e5b60c8000 Uncommon trap: reason=unstable_if action=reinterpret pc=0x000002e5970ec2e4 method=clojure.lang.Numbers.multiply(JJ)J @ 8
Event: 66.704 Thread 0x000002e5b4d79000 Uncommon trap: reason=unstable_if action=reinterpret pc=0x000002e596ed4130 method=java.util.concurrent.locks.AbstractQueuedSynchronizer.acquireQueued(Ljava/util/concurrent/locks/AbstractQueuedSynchronizer$Node;I)Z @ 17
Event: 66.704 Thread 0x000002e5b4d85800 Uncommon trap: reason=unstable_if action=reinterpret pc=0x000002e596fd1d34 method=java.util.concurrent.locks.AbstractQueuedSynchronizer.isOnSyncQueue(Ljava/util/concurrent/locks/AbstractQueuedSynchronizer$Node;)Z @ 22
Event: 77.158 Thread 0x000002e5b60c4000 Uncommon trap: reason=unstable_if action=reinterpret pc=0x000002e596eaf4b8 method=java.util.concurrent.locks.ReentrantLock$Sync.nonfairTryAcquire(I)Z @ 19

Classes redefined (0 events):
No events

Internal exceptions (10 events):
Event: 4.686 Thread 0x000002e5b4a8f800 Exception <a 'java/lang/NoSuchMethodError': <clinit>> (0x0000000771a4a988) thrown at [C:\jenkins\workspace\8-2-build-windows-amd64-cygwin\jdk8u311\1894\hotspot\src\share\vm\prims\jni.cpp, line 1615]
Event: 4.686 Thread 0x000002e5b4a8a000 Exception <a 'java/lang/NoSuchMethodError': <clinit>> (0x0000000771946550) thrown at [C:\jenkins\workspace\8-2-build-windows-amd64-cygwin\jdk8u311\1894\hotspot\src\share\vm\prims\jni.cpp, line 1615]
Event: 4.686 Thread 0x000002e5b4a8f800 Exception <a 'java/lang/NoSuchMethodError': <clinit>> (0x0000000771a539b8) thrown at [C:\jenkins\workspace\8-2-build-windows-amd64-cygwin\jdk8u311\1894\hotspot\src\share\vm\prims\jni.cpp, line 1615]
Event: 4.686 Thread 0x000002e5b4a8a000 Exception <a 'java/lang/NoSuchMethodError': <clinit>> (0x000000077194f500) thrown at [C:\jenkins\workspace\8-2-build-windows-amd64-cygwin\jdk8u311\1894\hotspot\src\share\vm\prims\jni.cpp, line 1615]
Event: 4.687 Thread 0x000002e5b4a8f800 Exception <a 'java/lang/NoSuchMethodError': <clinit>> (0x0000000771a66b20) thrown at [C:\jenkins\workspace\8-2-build-windows-amd64-cygwin\jdk8u311\1894\hotspot\src\share\vm\prims\jni.cpp, line 1615]
Event: 4.687 Thread 0x000002e5b4a8a000 Exception <a 'java/lang/NoSuchMethodError': <clinit>> (0x0000000771957fe0) thrown at [C:\jenkins\workspace\8-2-build-windows-amd64-cygwin\jdk8u311\1894\hotspot\src\share\vm\prims\jni.cpp, line 1615]
Event: 9.319 Thread 0x000002e5b536c000 Exception <a 'java/lang/NoSuchMethodError': <clinit>> (0x000000076c452ae0) thrown at [C:\jenkins\workspace\8-2-build-windows-amd64-cygwin\jdk8u311\1894\hotspot\src\share\vm\prims\jni.cpp, line 1615]
Event: 9.320 Thread 0x000002e5b536c000 Exception <a 'java/lang/NoSuchMethodError': <clinit>> (0x000000076c45dd08) thrown at [C:\jenkins\workspace\8-2-build-windows-amd64-cygwin\jdk8u311\1894\hotspot\src\share\vm\prims\jni.cpp, line 1615]
Event: 64.848 Thread 0x000002e5b60bc800 Implicit null exception at 0x000002e59723c8b3 to 0x000002e597242755
Event: 64.879 Thread 0x000002e5b60b9800 Implicit null exception at 0x000002e5970f616c to 0x000002e5970f6561

Events (10 events):
Event: 95.926 Thread 0x000002e5afeeb800 flushing nmethod 0x000002e596f3f590
Event: 95.940 Thread 0x000002e5afea7000 flushing nmethod 0x000002e596fa2050
Event: 95.940 Thread 0x000002e5afea7000 flushing nmethod 0x000002e59705d410
Event: 95.951 Thread 0x000002e5aff03000 flushing nmethod 0x000002e597103210
Event: 96.453 Executing VM operation: ParallelGCFailedAllocation
Event: 96.459 Executing VM operation: ParallelGCFailedAllocation done
Event: 100.188 Thread 0x000002e5b4d7d000 DEOPT PACKING pc=0x000002e5971558db sp=0x000000eb458ff1c0
Event: 100.188 Thread 0x000002e5b4d7d000 DEOPT UNPACKING pc=0x000002e596617918 sp=0x000000eb458fef70 mode 0
Event: 102.137 Thread 0x000002e5b4d7f000 DEOPT PACKING pc=0x000002e59719163f sp=0x000000eb456ff1c0
Event: 102.137 Thread 0x000002e5b4d7f000 DEOPT UNPACKING pc=0x000002e596617918 sp=0x000000eb456fee28 mode 0


Dynamic libraries:
0x00007ff6b6bd0000 - 0x00007ff6b6c17000 	C:\Program Files\Java\jre1.8.0_311\bin\javaw.exe
0x00007ffc63ef0000 - 0x00007ffc640e5000 	C:\WINDOWS\SYSTEM32\ntdll.dll
0x00007ffc62fa0000 - 0x00007ffc6305d000 	C:\WINDOWS\System32\KERNEL32.DLL
0x00007ffc619a0000 - 0x00007ffc61c6d000 	C:\WINDOWS\System32\KERNELBASE.dll
0x00007ffc63280000 - 0x00007ffc6332e000 	C:\WINDOWS\System32\ADVAPI32.dll
0x00007ffc61f40000 - 0x00007ffc61fde000 	C:\WINDOWS\System32\msvcrt.dll
0x00007ffc62950000 - 0x00007ffc629ec000 	C:\WINDOWS\System32\sechost.dll
0x00007ffc62260000 - 0x00007ffc62385000 	C:\WINDOWS\System32\RPCRT4.dll
0x00007ffc63a90000 - 0x00007ffc63c30000 	C:\WINDOWS\System32\USER32.dll
0x00007ffc61ca0000 - 0x00007ffc61cc2000 	C:\WINDOWS\System32\win32u.dll
0x00007ffc63e20000 - 0x00007ffc63e4a000 	C:\WINDOWS\System32\GDI32.dll
0x00007ffc61730000 - 0x00007ffc6183b000 	C:\WINDOWS\System32\gdi32full.dll
0x00007ffc61690000 - 0x00007ffc6172d000 	C:\WINDOWS\System32\msvcp_win.dll
0x00007ffc61dd0000 - 0x00007ffc61ed0000 	C:\WINDOWS\System32\ucrtbase.dll
0x00007ffc52790000 - 0x00007ffc52a2a000 	C:\WINDOWS\WinSxS\amd64_microsoft.windows.common-controls_6595b64144ccf1df_6.0.19041.1110_none_60b5254171f9507e\COMCTL32.dll
0x00007ffc629f0000 - 0x00007ffc62a20000 	C:\WINDOWS\System32\IMM32.DLL
0x00007ffc3c0b0000 - 0x00007ffc3c0c5000 	C:\Program Files\Java\jre1.8.0_311\bin\vcruntime140.dll
0x00007ffc256c0000 - 0x00007ffc2575b000 	C:\Program Files\Java\jre1.8.0_311\bin\msvcp140.dll
0x000000005ddd0000 - 0x000000005e630000 	C:\Program Files\Java\jre1.8.0_311\bin\server\jvm.dll
0x00007ffc63180000 - 0x00007ffc63188000 	C:\WINDOWS\System32\PSAPI.DLL
0x00007ffc48090000 - 0x00007ffc48099000 	C:\WINDOWS\SYSTEM32\WSOCK32.dll
0x00007ffc62170000 - 0x00007ffc621db000 	C:\WINDOWS\System32\WS2_32.dll
0x00007ffc48d50000 - 0x00007ffc48d77000 	C:\WINDOWS\SYSTEM32\WINMM.dll
0x00007ffc5bb80000 - 0x00007ffc5bb8a000 	C:\WINDOWS\SYSTEM32\VERSION.dll
0x00007ffc5f520000 - 0x00007ffc5f532000 	C:\WINDOWS\SYSTEM32\kernel.appcore.dll
0x00007ffc5d0a0000 - 0x00007ffc5d0b0000 	C:\Program Files\Java\jre1.8.0_311\bin\verify.dll
0x00007ffc3be80000 - 0x00007ffc3beab000 	C:\Program Files\Java\jre1.8.0_311\bin\java.dll
0x00007ffc465f0000 - 0x00007ffc46608000 	C:\Program Files\Java\jre1.8.0_311\bin\zip.dll
0x00007ffc63330000 - 0x00007ffc63a74000 	C:\WINDOWS\System32\SHELL32.dll
0x00007ffc5f720000 - 0x00007ffc5feb4000 	C:\WINDOWS\SYSTEM32\windows.storage.dll
0x00007ffc62390000 - 0x00007ffc626e4000 	C:\WINDOWS\System32\combase.dll
0x00007ffc61060000 - 0x00007ffc6108c000 	C:\WINDOWS\SYSTEM32\Wldp.dll
0x00007ffc628a0000 - 0x00007ffc6294d000 	C:\WINDOWS\System32\SHCORE.dll
0x00007ffc62ab0000 - 0x00007ffc62b05000 	C:\WINDOWS\System32\shlwapi.dll
0x00007ffc61540000 - 0x00007ffc6155f000 	C:\WINDOWS\SYSTEM32\profapi.dll
0x00007ffc452e0000 - 0x00007ffc452fc000 	C:\Program Files\Java\jre1.8.0_311\bin\net.dll
0x00007ffc60dc0000 - 0x00007ffc60e2a000 	C:\WINDOWS\system32\mswsock.dll
0x00007ffc1e710000 - 0x00007ffc1e727000 	C:\WINDOWS\system32\napinsp.dll
0x00007ffc1b830000 - 0x00007ffc1b84b000 	C:\WINDOWS\system32\pnrpnsp.dll
0x00007ffc3bf70000 - 0x00007ffc3bf85000 	C:\WINDOWS\system32\wshbth.dll
0x00007ffc5d060000 - 0x00007ffc5d07d000 	C:\WINDOWS\system32\NLAapi.dll
0x00007ffc60a40000 - 0x00007ffc60a7b000 	C:\WINDOWS\SYSTEM32\IPHLPAPI.DLL
0x00007ffc60a80000 - 0x00007ffc60b4b000 	C:\WINDOWS\SYSTEM32\DNSAPI.dll
0x00007ffc63a80000 - 0x00007ffc63a88000 	C:\WINDOWS\System32\NSI.dll
0x00007ffc1b810000 - 0x00007ffc1b822000 	C:\WINDOWS\System32\winrnr.dll
0x00007ffc53ca0000 - 0x00007ffc53caa000 	C:\Windows\System32\rasadhlp.dll
0x00007ffc53b20000 - 0x00007ffc53ba0000 	C:\WINDOWS\System32\fwpuclnt.dll
0x00007ffc61c70000 - 0x00007ffc61c97000 	C:\WINDOWS\System32\bcrypt.dll
0x00007ffc3df20000 - 0x00007ffc3df33000 	C:\Program Files\Java\jre1.8.0_311\bin\nio.dll
0x00007ffc60fc0000 - 0x00007ffc60fd8000 	C:\WINDOWS\SYSTEM32\CRYPTSP.dll
0x00007ffc60670000 - 0x00007ffc606a4000 	C:\WINDOWS\system32\rsaenh.dll
0x00007ffc61500000 - 0x00007ffc6152e000 	C:\WINDOWS\SYSTEM32\USERENV.dll
0x00007ffc61600000 - 0x00007ffc61682000 	C:\WINDOWS\System32\bcryptprimitives.dll
0x00007ffc60fb0000 - 0x00007ffc60fbc000 	C:\WINDOWS\SYSTEM32\CRYPTBASE.dll
0x00007ffc57a60000 - 0x00007ffc57a77000 	C:\WINDOWS\SYSTEM32\dhcpcsvc6.DLL
0x00007ffc5a470000 - 0x00007ffc5a48d000 	C:\WINDOWS\SYSTEM32\dhcpcsvc.DLL
0x00007ffc2df80000 - 0x00007ffc2df8d000 	C:\Program Files\Java\jre1.8.0_311\bin\management.dll
0x00007ffc4d580000 - 0x00007ffc4d764000 	C:\WINDOWS\SYSTEM32\dbghelp.dll

VM Arguments:
jvm_args: -Dfile.encoding=UTF-8 
java_command: com.senspond.study.storm.topology.WordCountReportTopology
java_class_path (initial): D:\eclise-jee-oxygen-R\storm-study\target\classes;C:\Users\tapacross\.m2\repository\storm\storm\0.9.0.1\storm-0.9.0.1.jar;C:\Users\tapacross\.m2\repository\storm\storm-console-logging\0.9.0.1\storm-console-logging-0.9.0.1.jar;C:\Users\tapacross\.m2\repository\storm\storm-core\0.9.0.1\storm-core-0.9.0.1.jar;C:\Users\tapacross\.m2\repository\org\clojure\clojure\1.4.0\clojure-1.4.0.jar;C:\Users\tapacross\.m2\repository\commons-io\commons-io\1.4\commons-io-1.4.jar;C:\Users\tapacross\.m2\repository\org\apache\commons\commons-exec\1.1\commons-exec-1.1.jar;C:\Users\tapacross\.m2\repository\storm\libthrift7\0.7.0-2\libthrift7-0.7.0-2.jar;C:\Users\tapacross\.m2\repository\commons-lang\commons-lang\2.5\commons-lang-2.5.jar;C:\Users\tapacross\.m2\repository\javax\servlet\servlet-api\2.5\servlet-api-2.5.jar;C:\Users\tapacross\.m2\repository\clj-time\clj-time\0.4.1\clj-time-0.4.1.jar;C:\Users\tapacross\.m2\repository\joda-time\joda-time\2.0\joda-time-2.0.jar;C:\Users\tapacross\.m2\repository\com\netflix\curator\curator-framework\1.0.1\curator-framework-1.0.1.jar;C:\Users\tapacross\.m2\repository\com\netflix\curator\curator-client\1.0.1\curator-client-1.0.1.jar;C:\Users\tapacross\.m2\repository\org\apache\zookeeper\zookeeper\3.3.3\zookeeper-3.3.3.jar;C:\Users\tapacross\.m2\repository\jline\jline\0.9.94\jline-0.9.94.jar;C:\Users\tapacross\.m2\repository\backtype\jzmq\2.1.0\jzmq-2.1.0.jar;C:\Users\tapacross\.m2\repository\com\googlecode\json-simple\json-simple\1.1\json-simple-1.1.jar;C:\Users\tapacross\.m2\repository\compojure\compojure\1.1.3\compojure-1.1.3.jar;C:\Users\tapacross\.m2\repository\org\clojure\core.incubator\0.1.0\core.incubator-0.1.0.jar;C:\Users\tapacross\.m2\repository\org\clojure\tools.macro\0.1.0\tools.macro-0.1.0.jar;C:\Users\tapacross\.m2\repository\clout\clout\1.0.1\clout-1.0.1.jar;C:\Users\tapacross\.m2\repository\ring\ring-core\1.1.5\ring-core-1.1.5.jar;C:\Users\tapacross\.m2\repository\commons-fileupload\commons-fileupload\1.2.1
Launcher Type: SUN_STANDARD

Environment Variables:
JAVA_HOME=C:\Program Files\Java\jdk1.8.0_60
PATH=C:/Program Files/Java/jre1.8.0_311/bin/server;C:/Program Files/Java/jre1.8.0_311/bin;C:/Program Files/Java/jre1.8.0_311/lib/amd64;D:\app\client\tapacross\product\12.2.0\client_1\bin;C:\Program Files (x86)\Common Files\NetSarang;D:\app\tapacross\product\11.2.0\client_1\bin;C:\Program Files (x86)\Common Files\Oracle\Java\javapath;C:\ProgramData\Oracle\Java\javapath;C:\WINDOWS\system32;C:\WINDOWS;C:\WINDOWS\System32\Wbem;C:\WINDOWS\System32\WindowsPowerShell\v1.0\;C:\WINDOWS\System32\OpenSSH\;D:\maven\apache-maven-3.5.2\bin;C:\Program Files\TortoiseSVN\bin;C:\Program Files\nodejs\;C:\Program Files\Git\cmd;C:\Users\tapacross\AppData\Local\Microsoft\WindowsApps;C:\Program Files\Bandizip\;C:\Users\tapacross\AppData\Roaming\npm;C:\Program Files\Inkscape\bin;D:\dev\Microsoft VS Code\bin;D:\dev\Eclipse-V\eclipse-jee-oxygen-R;
USERNAME=tapacross
OS=Windows_NT
PROCESSOR_IDENTIFIER=Intel64 Family 6 Model 94 Stepping 3, GenuineIntel



---------------  S Y S T E M  ---------------

OS: Windows 10.0 , 64 bit Build 19041 (10.0.19041.1706)

CPU:total 4 (initial active 4) (4 cores per cpu, 1 threads per core) family 6 model 94 stepping 3, cmov, cx8, fxsr, mmx, sse, sse2, sse3, ssse3, sse4.1, sse4.2, popcnt, avx, avx2, aes, clmul, erms, rtm, 3dnowpref, lzcnt, tsc, tscinvbit, bmi1, bmi2, adx

Memory: 4k page, physical 16649600k(719848k free), swap 35775484k(5208k free)

vm_info: Java HotSpot(TM) 64-Bit Server VM (25.311-b11) for windows-amd64 JRE (1.8.0_311-b11), built on Sep 27 2021 05:15:14 by "java_re" with MS VC++ 15.9 (VS2017)

time: Fri May 27 16:13:07 2022
timezone: 대한민국 표준시
elapsed time: 105.002445 seconds (0d 0h 1m 45s)

